
*** Running vivado
    with args -log calc.vds -m64 -product Vivado -mode batch -messageDb vivado.pb -notrace -source calc.tcl



****** Vivado v2020.2 (64-bit)
  **** SW Build 3064766 on Wed Nov 18 09:12:45 MST 2020
  **** IP Build 3064653 on Wed Nov 18 14:17:31 MST 2020
    ** Copyright 1986-2020 Xilinx, Inc. All Rights Reserved.

source calc.tcl -notrace
Command: synth_design -top calc -part xc7a35tcpg236-1
Starting synth_design
Attempting to get a license for feature 'Synthesis' and/or device 'xc7a35t'
INFO: [Common 17-349] Got license for feature 'Synthesis' and/or device 'xc7a35t'
INFO: [Device 21-403] Loading part xc7a35tcpg236-1
INFO: [Synth 8-7079] Multithreading enabled for synth_design using a maximum of 2 processes.
INFO: [Synth 8-7078] Launching helper process for spawning children vivado processes
INFO: [Synth 8-7075] Helper process launched with PID 18424
---------------------------------------------------------------------------------
Starting RTL Elaboration : Time (s): cpu = 00:00:06 ; elapsed = 00:00:07 . Memory (MB): peak = 1097.914 ; gain = 8.910
---------------------------------------------------------------------------------
INFO: [Synth 8-6157] synthesizing module 'calc' [C:/Users/kkenm/Documents/classes/cs233vivado/calculator/src/calc.v:23]
INFO: [Synth 8-6157] synthesizing module 'Decoder' [C:/Users/kkenm/Documents/classes/cs233vivado/calculator/src/Decoder.v:25]
INFO: [Synth 8-6155] done synthesizing module 'Decoder' (1#1) [C:/Users/kkenm/Documents/classes/cs233vivado/calculator/src/Decoder.v:25]
INFO: [Synth 8-6157] synthesizing module 'DisplayController' [C:/Users/kkenm/Documents/classes/cs233vivado/calculator/src/DisplayController.v:23]
INFO: [Synth 8-226] default block is never used [C:/Users/kkenm/Documents/classes/cs233vivado/calculator/src/DisplayController.v:58]
INFO: [Synth 8-6155] done synthesizing module 'DisplayController' (2#1) [C:/Users/kkenm/Documents/classes/cs233vivado/calculator/src/DisplayController.v:23]
INFO: [Synth 8-6157] synthesizing module 'DisplayRotator' [C:/Users/kkenm/Documents/classes/cs233vivado/calculator/src/DisplayRotator.v:1]
INFO: [Synth 8-6155] done synthesizing module 'DisplayRotator' (3#1) [C:/Users/kkenm/Documents/classes/cs233vivado/calculator/src/DisplayRotator.v:1]
INFO: [Synth 8-6157] synthesizing module 'control_unit' [C:/Users/kkenm/Documents/classes/cs233vivado/calculator/src/control_unit.v:22]
	Parameter fixed_point_length bound to: 2 - type: integer 
	Parameter fixed_point_multiplier bound to: 100 - type: integer 
INFO: [Synth 8-6155] done synthesizing module 'control_unit' (4#1) [C:/Users/kkenm/Documents/classes/cs233vivado/calculator/src/control_unit.v:22]
INFO: [Synth 8-6155] done synthesizing module 'calc' (5#1) [C:/Users/kkenm/Documents/classes/cs233vivado/calculator/src/calc.v:23]
---------------------------------------------------------------------------------
Finished RTL Elaboration : Time (s): cpu = 00:00:08 ; elapsed = 00:00:09 . Memory (MB): peak = 1160.461 ; gain = 71.457
---------------------------------------------------------------------------------
---------------------------------------------------------------------------------
Start Handling Custom Attributes
---------------------------------------------------------------------------------
---------------------------------------------------------------------------------
Finished Handling Custom Attributes : Time (s): cpu = 00:00:09 ; elapsed = 00:00:10 . Memory (MB): peak = 1160.461 ; gain = 71.457
---------------------------------------------------------------------------------
---------------------------------------------------------------------------------
Finished RTL Optimization Phase 1 : Time (s): cpu = 00:00:09 ; elapsed = 00:00:10 . Memory (MB): peak = 1160.461 ; gain = 71.457
---------------------------------------------------------------------------------
Netlist sorting complete. Time (s): cpu = 00:00:00 ; elapsed = 00:00:00.041 . Memory (MB): peak = 1160.461 ; gain = 0.000
INFO: [Project 1-570] Preparing netlist for logic optimization

Processing XDC Constraints
Initializing timing engine
Parsing XDC File [C:/Users/kkenm/Documents/classes/cs233vivado/calculator/src/Basys3_Master.xdc]
WARNING: [Vivado 12-584] No ports matched 'CS'. [C:/Users/kkenm/Documents/classes/cs233vivado/calculator/src/Basys3_Master.xdc:126]
CRITICAL WARNING: [Common 17-55] 'set_property' expects at least one object. [C:/Users/kkenm/Documents/classes/cs233vivado/calculator/src/Basys3_Master.xdc:126]
Resolution: If [get_<value>] was used to populate the object, check to make sure this command returns at least one valid object.
WARNING: [Vivado 12-584] No ports matched 'CS'. [C:/Users/kkenm/Documents/classes/cs233vivado/calculator/src/Basys3_Master.xdc:127]
CRITICAL WARNING: [Common 17-55] 'set_property' expects at least one object. [C:/Users/kkenm/Documents/classes/cs233vivado/calculator/src/Basys3_Master.xdc:127]
Resolution: If [get_<value>] was used to populate the object, check to make sure this command returns at least one valid object.
WARNING: [Vivado 12-584] No ports matched 'SDIN'. [C:/Users/kkenm/Documents/classes/cs233vivado/calculator/src/Basys3_Master.xdc:129]
CRITICAL WARNING: [Common 17-55] 'set_property' expects at least one object. [C:/Users/kkenm/Documents/classes/cs233vivado/calculator/src/Basys3_Master.xdc:129]
Resolution: If [get_<value>] was used to populate the object, check to make sure this command returns at least one valid object.
WARNING: [Vivado 12-584] No ports matched 'SDIN'. [C:/Users/kkenm/Documents/classes/cs233vivado/calculator/src/Basys3_Master.xdc:130]
CRITICAL WARNING: [Common 17-55] 'set_property' expects at least one object. [C:/Users/kkenm/Documents/classes/cs233vivado/calculator/src/Basys3_Master.xdc:130]
Resolution: If [get_<value>] was used to populate the object, check to make sure this command returns at least one valid object.
WARNING: [Vivado 12-584] No ports matched 'JA[2]'. [C:/Users/kkenm/Documents/classes/cs233vivado/calculator/src/Basys3_Master.xdc:132]
CRITICAL WARNING: [Common 17-55] 'set_property' expects at least one object. [C:/Users/kkenm/Documents/classes/cs233vivado/calculator/src/Basys3_Master.xdc:132]
Resolution: If [get_<value>] was used to populate the object, check to make sure this command returns at least one valid object.
WARNING: [Vivado 12-584] No ports matched 'JA[2]'. [C:/Users/kkenm/Documents/classes/cs233vivado/calculator/src/Basys3_Master.xdc:133]
CRITICAL WARNING: [Common 17-55] 'set_property' expects at least one object. [C:/Users/kkenm/Documents/classes/cs233vivado/calculator/src/Basys3_Master.xdc:133]
Resolution: If [get_<value>] was used to populate the object, check to make sure this command returns at least one valid object.
WARNING: [Vivado 12-584] No ports matched 'SCLK'. [C:/Users/kkenm/Documents/classes/cs233vivado/calculator/src/Basys3_Master.xdc:135]
CRITICAL WARNING: [Common 17-55] 'set_property' expects at least one object. [C:/Users/kkenm/Documents/classes/cs233vivado/calculator/src/Basys3_Master.xdc:135]
Resolution: If [get_<value>] was used to populate the object, check to make sure this command returns at least one valid object.
WARNING: [Vivado 12-584] No ports matched 'SCLK'. [C:/Users/kkenm/Documents/classes/cs233vivado/calculator/src/Basys3_Master.xdc:136]
CRITICAL WARNING: [Common 17-55] 'set_property' expects at least one object. [C:/Users/kkenm/Documents/classes/cs233vivado/calculator/src/Basys3_Master.xdc:136]
Resolution: If [get_<value>] was used to populate the object, check to make sure this command returns at least one valid object.
WARNING: [Vivado 12-584] No ports matched 'DC'. [C:/Users/kkenm/Documents/classes/cs233vivado/calculator/src/Basys3_Master.xdc:138]
CRITICAL WARNING: [Common 17-55] 'set_property' expects at least one object. [C:/Users/kkenm/Documents/classes/cs233vivado/calculator/src/Basys3_Master.xdc:138]
Resolution: If [get_<value>] was used to populate the object, check to make sure this command returns at least one valid object.
WARNING: [Vivado 12-584] No ports matched 'DC'. [C:/Users/kkenm/Documents/classes/cs233vivado/calculator/src/Basys3_Master.xdc:139]
CRITICAL WARNING: [Common 17-55] 'set_property' expects at least one object. [C:/Users/kkenm/Documents/classes/cs233vivado/calculator/src/Basys3_Master.xdc:139]
Resolution: If [get_<value>] was used to populate the object, check to make sure this command returns at least one valid object.
WARNING: [Vivado 12-584] No ports matched 'RES'. [C:/Users/kkenm/Documents/classes/cs233vivado/calculator/src/Basys3_Master.xdc:141]
CRITICAL WARNING: [Common 17-55] 'set_property' expects at least one object. [C:/Users/kkenm/Documents/classes/cs233vivado/calculator/src/Basys3_Master.xdc:141]
Resolution: If [get_<value>] was used to populate the object, check to make sure this command returns at least one valid object.
WARNING: [Vivado 12-584] No ports matched 'RES'. [C:/Users/kkenm/Documents/classes/cs233vivado/calculator/src/Basys3_Master.xdc:142]
CRITICAL WARNING: [Common 17-55] 'set_property' expects at least one object. [C:/Users/kkenm/Documents/classes/cs233vivado/calculator/src/Basys3_Master.xdc:142]
Resolution: If [get_<value>] was used to populate the object, check to make sure this command returns at least one valid object.
WARNING: [Vivado 12-584] No ports matched 'VBAT'. [C:/Users/kkenm/Documents/classes/cs233vivado/calculator/src/Basys3_Master.xdc:144]
CRITICAL WARNING: [Common 17-55] 'set_property' expects at least one object. [C:/Users/kkenm/Documents/classes/cs233vivado/calculator/src/Basys3_Master.xdc:144]
Resolution: If [get_<value>] was used to populate the object, check to make sure this command returns at least one valid object.
WARNING: [Vivado 12-584] No ports matched 'VBAT'. [C:/Users/kkenm/Documents/classes/cs233vivado/calculator/src/Basys3_Master.xdc:145]
CRITICAL WARNING: [Common 17-55] 'set_property' expects at least one object. [C:/Users/kkenm/Documents/classes/cs233vivado/calculator/src/Basys3_Master.xdc:145]
Resolution: If [get_<value>] was used to populate the object, check to make sure this command returns at least one valid object.
WARNING: [Vivado 12-584] No ports matched 'VDD'. [C:/Users/kkenm/Documents/classes/cs233vivado/calculator/src/Basys3_Master.xdc:147]
CRITICAL WARNING: [Common 17-55] 'set_property' expects at least one object. [C:/Users/kkenm/Documents/classes/cs233vivado/calculator/src/Basys3_Master.xdc:147]
Resolution: If [get_<value>] was used to populate the object, check to make sure this command returns at least one valid object.
WARNING: [Vivado 12-584] No ports matched 'VDD'. [C:/Users/kkenm/Documents/classes/cs233vivado/calculator/src/Basys3_Master.xdc:148]
CRITICAL WARNING: [Common 17-55] 'set_property' expects at least one object. [C:/Users/kkenm/Documents/classes/cs233vivado/calculator/src/Basys3_Master.xdc:148]
Resolution: If [get_<value>] was used to populate the object, check to make sure this command returns at least one valid object.
Finished Parsing XDC File [C:/Users/kkenm/Documents/classes/cs233vivado/calculator/src/Basys3_Master.xdc]
INFO: [Project 1-236] Implementation specific constraints were found while reading constraint file [C:/Users/kkenm/Documents/classes/cs233vivado/calculator/src/Basys3_Master.xdc]. These constraints will be ignored for synthesis but will be used in implementation. Impacted constraints are listed in the file [.Xil/calc_propImpl.xdc].
Resolution: To avoid this warning, move constraints listed in [.Xil/calc_propImpl.xdc] to another XDC file and exclude this new file from synthesis with the used_in_synthesis property (File Properties dialog in GUI) and re-run elaboration/synthesis.
Completed Processing XDC Constraints

Netlist sorting complete. Time (s): cpu = 00:00:00 ; elapsed = 00:00:00.001 . Memory (MB): peak = 1277.070 ; gain = 0.000
INFO: [Project 1-111] Unisim Transformation Summary:
No Unisim elements were transformed.

Constraint Validation Runtime : Time (s): cpu = 00:00:00 ; elapsed = 00:00:00.009 . Memory (MB): peak = 1277.070 ; gain = 0.000
---------------------------------------------------------------------------------
Finished Constraint Validation : Time (s): cpu = 00:00:17 ; elapsed = 00:00:19 . Memory (MB): peak = 1277.070 ; gain = 188.066
---------------------------------------------------------------------------------
---------------------------------------------------------------------------------
Start Loading Part and Timing Information
---------------------------------------------------------------------------------
Loading part: xc7a35tcpg236-1
---------------------------------------------------------------------------------
Finished Loading Part and Timing Information : Time (s): cpu = 00:00:17 ; elapsed = 00:00:19 . Memory (MB): peak = 1277.070 ; gain = 188.066
---------------------------------------------------------------------------------
---------------------------------------------------------------------------------
Start Applying 'set_property' XDC Constraints
---------------------------------------------------------------------------------
---------------------------------------------------------------------------------
Finished applying 'set_property' XDC Constraints : Time (s): cpu = 00:00:17 ; elapsed = 00:00:19 . Memory (MB): peak = 1277.070 ; gain = 188.066
---------------------------------------------------------------------------------
---------------------------------------------------------------------------------
Finished RTL Optimization Phase 2 : Time (s): cpu = 00:00:19 ; elapsed = 00:00:21 . Memory (MB): peak = 1277.070 ; gain = 188.066
---------------------------------------------------------------------------------
---------------------------------------------------------------------------------
Start RTL Component Statistics 
---------------------------------------------------------------------------------
Detailed RTL Component Info : 
+---Adders : 
	   2 Input   32 Bit       Adders := 11    
	   3 Input   32 Bit       Adders := 1     
	   2 Input   20 Bit       Adders := 1     
	   2 Input    2 Bit       Adders := 1     
+---Registers : 
	               32 Bit    Registers := 4     
	               20 Bit    Registers := 1     
	               18 Bit    Registers := 2     
	               15 Bit    Registers := 2     
	                4 Bit    Registers := 2     
	                2 Bit    Registers := 2     
	                1 Bit    Registers := 10    
+---Multipliers : 
	               4x32  Multipliers := 2     
	               8x32  Multipliers := 1     
+---Muxes : 
	   2 Input   32 Bit        Muxes := 20    
	   4 Input   32 Bit        Muxes := 2     
	   9 Input   29 Bit        Muxes := 1     
	   9 Input   20 Bit        Muxes := 1     
	   2 Input   20 Bit        Muxes := 1     
	   9 Input    4 Bit        Muxes := 1     
	   4 Input    4 Bit        Muxes := 10    
	   2 Input    4 Bit        Muxes := 12    
	   5 Input    4 Bit        Muxes := 1     
	   3 Input    4 Bit        Muxes := 6     
	   4 Input    2 Bit        Muxes := 2     
	   9 Input    2 Bit        Muxes := 1     
	   8 Input    2 Bit        Muxes := 1     
	   2 Input    2 Bit        Muxes := 5     
	  16 Input    2 Bit        Muxes := 1     
	   8 Input    1 Bit        Muxes := 1     
	   2 Input    1 Bit        Muxes := 32    
	   5 Input    1 Bit        Muxes := 5     
	   3 Input    1 Bit        Muxes := 2     
	   9 Input    1 Bit        Muxes := 1     
	   4 Input    1 Bit        Muxes := 4     
	   7 Input    1 Bit        Muxes := 1     
---------------------------------------------------------------------------------
Finished RTL Component Statistics 
---------------------------------------------------------------------------------
---------------------------------------------------------------------------------
Start Part Resource Summary
---------------------------------------------------------------------------------
Part Resources:
DSPs: 90 (col length:60)
BRAMs: 100 (col length: RAMB18 60 RAMB36 30)
---------------------------------------------------------------------------------
Finished Part Resource Summary
---------------------------------------------------------------------------------
---------------------------------------------------------------------------------
Start Cross Boundary and Area Optimization
---------------------------------------------------------------------------------
DSP Report: Generating DSP operandF1, operation Mode is: A*B.
DSP Report: operator operandF1 is absorbed into DSP operandF1.
DSP Report: operator operandF1 is absorbed into DSP operandF1.
DSP Report: Generating DSP operandF1, operation Mode is: (PCIN>>17)+A*B.
DSP Report: operator operandF1 is absorbed into DSP operandF1.
DSP Report: operator operandF1 is absorbed into DSP operandF1.
DSP Report: Generating DSP operandF3, operation Mode is: A2*B.
DSP Report: register operandF_reg is absorbed into DSP operandF3.
DSP Report: operator operandF3 is absorbed into DSP operandF3.
DSP Report: operator operandF3 is absorbed into DSP operandF3.
DSP Report: Generating DSP operandF3, operation Mode is: A2*B.
DSP Report: register operandF3 is absorbed into DSP operandF3.
DSP Report: operator operandF3 is absorbed into DSP operandF3.
DSP Report: operator operandF3 is absorbed into DSP operandF3.
DSP Report: Generating DSP operandF3, operation Mode is: (PCIN>>17)+A2*B.
DSP Report: register operandF3 is absorbed into DSP operandF3.
DSP Report: operator operandF3 is absorbed into DSP operandF3.
DSP Report: operator operandF3 is absorbed into DSP operandF3.
---------------------------------------------------------------------------------
Finished Cross Boundary and Area Optimization : Time (s): cpu = 00:01:18 ; elapsed = 00:01:27 . Memory (MB): peak = 1566.629 ; gain = 477.625
---------------------------------------------------------------------------------
---------------------------------------------------------------------------------
Start ROM, RAM, DSP, Shift Register and Retiming Reporting
---------------------------------------------------------------------------------

DSP: Preliminary Mapping	Report (see note below)
+-------------+-----------------+--------+--------+--------+--------+--------+------+------+------+------+-------+------+------+
|Module Name  | DSP Mapping     | A Size | B Size | C Size | D Size | P Size | AREG | BREG | CREG | DREG | ADREG | MREG | PREG | 
+-------------+-----------------+--------+--------+--------+--------+--------+------+------+------+------+-------+------+------+
|control_unit | A*B             | 18     | 5      | -      | -      | 48     | 0    | 0    | -    | -    | -     | 0    | 0    | 
|control_unit | (PCIN>>17)+A*B  | 15     | 5      | -      | -      | 15     | 0    | 0    | -    | -    | -     | 0    | 0    | 
|control_unit | A2*B            | 15     | 15     | -      | -      | 15     | 1    | 0    | -    | -    | -     | 0    | 0    | 
|control_unit | A2*B            | 18     | 18     | -      | -      | 48     | 1    | 0    | -    | -    | -     | 0    | 0    | 
|control_unit | (PCIN>>17)+A2*B | 15     | 15     | -      | -      | 15     | 1    | 0    | -    | -    | -     | 0    | 0    | 
+-------------+-----------------+--------+--------+--------+--------+--------+------+------+------+------+-------+------+------+

Note: The table above is a preliminary report that shows the DSPs inferred at the current stage of the synthesis flow. Some DSP may be reimplemented as non DSP primitives later in the synthesis flow. Multiple instantiated DSPs are reported only once.
---------------------------------------------------------------------------------
Finished ROM, RAM, DSP, Shift Register and Retiming Reporting
---------------------------------------------------------------------------------
---------------------------------------------------------------------------------
Start Applying XDC Timing Constraints
---------------------------------------------------------------------------------
---------------------------------------------------------------------------------
Finished Applying XDC Timing Constraints : Time (s): cpu = 00:01:38 ; elapsed = 00:01:50 . Memory (MB): peak = 1566.629 ; gain = 477.625
---------------------------------------------------------------------------------
---------------------------------------------------------------------------------
Start Timing Optimization
---------------------------------------------------------------------------------
---------------------------------------------------------------------------------
Finished Timing Optimization : Time (s): cpu = 00:02:15 ; elapsed = 00:02:29 . Memory (MB): peak = 1566.629 ; gain = 477.625
---------------------------------------------------------------------------------
---------------------------------------------------------------------------------
Start Technology Mapping
---------------------------------------------------------------------------------
---------------------------------------------------------------------------------
Finished Technology Mapping : Time (s): cpu = 00:02:21 ; elapsed = 00:02:35 . Memory (MB): peak = 1566.629 ; gain = 477.625
---------------------------------------------------------------------------------
---------------------------------------------------------------------------------
Start IO Insertion
---------------------------------------------------------------------------------
---------------------------------------------------------------------------------
Start Flattening Before IO Insertion
---------------------------------------------------------------------------------
---------------------------------------------------------------------------------
Finished Flattening Before IO Insertion
---------------------------------------------------------------------------------
---------------------------------------------------------------------------------
Start Final Netlist Cleanup
---------------------------------------------------------------------------------
---------------------------------------------------------------------------------
Finished Final Netlist Cleanup
---------------------------------------------------------------------------------
---------------------------------------------------------------------------------
Finished IO Insertion : Time (s): cpu = 00:02:27 ; elapsed = 00:02:41 . Memory (MB): peak = 1566.629 ; gain = 477.625
---------------------------------------------------------------------------------
---------------------------------------------------------------------------------
Start Renaming Generated Instances
---------------------------------------------------------------------------------
---------------------------------------------------------------------------------
Finished Renaming Generated Instances : Time (s): cpu = 00:02:27 ; elapsed = 00:02:41 . Memory (MB): peak = 1566.629 ; gain = 477.625
---------------------------------------------------------------------------------
---------------------------------------------------------------------------------
Start Rebuilding User Hierarchy
---------------------------------------------------------------------------------
---------------------------------------------------------------------------------
Finished Rebuilding User Hierarchy : Time (s): cpu = 00:02:29 ; elapsed = 00:02:43 . Memory (MB): peak = 1566.629 ; gain = 477.625
---------------------------------------------------------------------------------
---------------------------------------------------------------------------------
Start Renaming Generated Ports
---------------------------------------------------------------------------------
---------------------------------------------------------------------------------
Finished Renaming Generated Ports : Time (s): cpu = 00:02:29 ; elapsed = 00:02:43 . Memory (MB): peak = 1566.629 ; gain = 477.625
---------------------------------------------------------------------------------
---------------------------------------------------------------------------------
Start Handling Custom Attributes
---------------------------------------------------------------------------------
---------------------------------------------------------------------------------
Finished Handling Custom Attributes : Time (s): cpu = 00:02:29 ; elapsed = 00:02:43 . Memory (MB): peak = 1566.629 ; gain = 477.625
---------------------------------------------------------------------------------
---------------------------------------------------------------------------------
Start Renaming Generated Nets
---------------------------------------------------------------------------------
---------------------------------------------------------------------------------
Finished Renaming Generated Nets : Time (s): cpu = 00:02:29 ; elapsed = 00:02:43 . Memory (MB): peak = 1566.629 ; gain = 477.625
---------------------------------------------------------------------------------
---------------------------------------------------------------------------------
Start Writing Synthesis Report
---------------------------------------------------------------------------------

Report BlackBoxes: 
+-+--------------+----------+
| |BlackBox name |Instances |
+-+--------------+----------+
+-+--------------+----------+

Report Cell Usage: 
+------+--------+------+
|      |Cell    |Count |
+------+--------+------+
|1     |BUFG    |     1|
|2     |CARRY4  |  1145|
|3     |DSP48E1 |     5|
|6     |LUT1    |   185|
|7     |LUT2    |   472|
|8     |LUT3    |  2252|
|9     |LUT4    |  1109|
|10    |LUT5    |   832|
|11    |LUT6    |  2116|
|12    |MUXF7   |    12|
|13    |MUXF8   |     1|
|14    |FDRE    |   187|
|15    |FDSE    |     1|
|16    |IBUF    |     7|
|17    |OBUF    |    18|
|18    |OBUFT   |    14|
+------+--------+------+
---------------------------------------------------------------------------------
Finished Writing Synthesis Report : Time (s): cpu = 00:02:29 ; elapsed = 00:02:43 . Memory (MB): peak = 1566.629 ; gain = 477.625
---------------------------------------------------------------------------------
Synthesis finished with 0 errors, 0 critical warnings and 0 warnings.
Synthesis Optimization Runtime : Time (s): cpu = 00:02:17 ; elapsed = 00:02:40 . Memory (MB): peak = 1566.629 ; gain = 361.016
Synthesis Optimization Complete : Time (s): cpu = 00:02:29 ; elapsed = 00:02:44 . Memory (MB): peak = 1566.629 ; gain = 477.625
INFO: [Project 1-571] Translating synthesized netlist
Netlist sorting complete. Time (s): cpu = 00:00:00 ; elapsed = 00:00:00.213 . Memory (MB): peak = 1566.629 ; gain = 0.000
INFO: [Netlist 29-17] Analyzing 1163 Unisim elements for replacement
INFO: [Netlist 29-28] Unisim Transformation completed in 0 CPU seconds
INFO: [Project 1-570] Preparing netlist for logic optimization
INFO: [Opt 31-138] Pushed 0 inverter(s) to 0 load pin(s).
Netlist sorting complete. Time (s): cpu = 00:00:00 ; elapsed = 00:00:00.002 . Memory (MB): peak = 1566.629 ; gain = 0.000
INFO: [Project 1-111] Unisim Transformation Summary:
No Unisim elements were transformed.

INFO: [Common 17-83] Releasing license: Synthesis
26 Infos, 16 Warnings, 16 Critical Warnings and 0 Errors encountered.
synth_design completed successfully
synth_design: Time (s): cpu = 00:02:41 ; elapsed = 00:02:58 . Memory (MB): peak = 1566.629 ; gain = 477.625
INFO: [runtcl-6] Synthesis results are not added to the cache due to CRITICAL_WARNING
INFO: [Common 17-1381] The checkpoint 'C:/Users/kkenm/Documents/classes/cs233vivado/calculator/calculator/calculator.runs/synth_1/calc.dcp' has been generated.
INFO: [runtcl-4] Executing : report_utilization -file calc_utilization_synth.rpt -pb calc_utilization_synth.pb
INFO: [Common 17-206] Exiting Vivado at Tue Dec  5 21:36:20 2023...
